# JRE version: OpenJDK Runtime Environment (8.0_152-b01) (build 1.8.0_152-release-915-b01)
# Java VM: OpenJDK 64-Bit Server VM (25.152-b01 mixed mode windows-amd64 compressed oops)
Heap:
 PSYoungGen      total 79872K, used 26332K [0x00000000e0000000, 0x00000000e5c00000, 0x0000000100000000)
  eden space 69120K, 23% used [0x00000000e0000000,0x00000000e0fc7dd8,0x00000000e4380000)
  from space 10752K, 94% used [0x00000000e4f00000,0x00000000e58ef580,0x00000000e5980000)
  to   space 11776K, 0% used [0x00000000e4380000,0x00000000e4380000,0x00000000e4f00000)
 ParOldGen       total 96256K, used 16422K [0x00000000a0000000, 0x00000000a5e00000, 0x00000000e0000000)
  object space 96256K, 17% used [0x00000000a0000000,0x00000000a10099f0,0x00000000a5e00000)
 Metaspace       used 45496K, capacity 46504K, committed 46848K, reserved 1089536K
  class space    used 6155K, capacity 6556K, committed 6656K, reserved 1048576K
GC Heap History (10 events):
Event: 29.669 GC heap before
{Heap before GC invocations=10 (full 1):
 PSYoungGen      total 51200K, used 51200K [0x00000000e0000000, 0x00000000e4c00000, 0x0000000100000000)
  eden space 47616K, 100% used [0x00000000e0000000,0x00000000e2e80000,0x00000000e2e80000)
  from space 3584K, 100% used [0x00000000e4880000,0x00000000e4c00000,0x00000000e4c00000)
  to   space 10752K, 0% used [0x00000000e3700000,0x00000000e3700000,0x00000000e4180000)
 ParOldGen       total 57856K, used 11673K [0x00000000a0000000, 0x00000000a3880000, 0x00000000e0000000)
  object space 57856K, 20% used [0x00000000a0000000,0x00000000a0b66748,0x00000000a3880000)
 Metaspace       used 31929K, capacity 32584K, committed 32896K, reserved 1077248K
  class space    used 4379K, capacity 4653K, committed 4736K, reserved 1048576K
Event: 29.681 GC heap after
Heap after GC invocations=10 (full 1):
 PSYoungGen      total 67072K, used 5472K [0x00000000e0000000, 0x00000000e4d00000, 0x0000000100000000)
  eden space 56320K, 0% used [0x00000000e0000000,0x00000000e0000000,0x00000000e3700000)
  from space 10752K, 50% used [0x00000000e3700000,0x00000000e3c58000,0x00000000e4180000)
  to   space 10752K, 0% used [0x00000000e4280000,0x00000000e4280000,0x00000000e4d00000)
 ParOldGen       total 57856K, used 11681K [0x00000000a0000000, 0x00000000a3880000, 0x00000000e0000000)
  object space 57856K, 20% used [0x00000000a0000000,0x00000000a0b68748,0x00000000a3880000)
 Metaspace       used 31929K, capacity 32584K, committed 32896K, reserved 1077248K
  class space    used 4379K, capacity 4653K, committed 4736K, reserved 1048576K
}
Event: 45.045 GC heap before
{Heap before GC invocations=11 (full 1):
 PSYoungGen      total 67072K, used 24866K [0x00000000e0000000, 0x00000000e4d00000, 0x0000000100000000)
  eden space 56320K, 34% used [0x00000000e0000000,0x00000000e12f0a78,0x00000000e3700000)
  from space 10752K, 50% used [0x00000000e3700000,0x00000000e3c58000,0x00000000e4180000)
  to   space 10752K, 0% used [0x00000000e4280000,0x00000000e4280000,0x00000000e4d00000)
 ParOldGen       total 57856K, used 11681K [0x00000000a0000000, 0x00000000a3880000, 0x00000000e0000000)
  object space 57856K, 20% used [0x00000000a0000000,0x00000000a0b68748,0x00000000a3880000)
 Metaspace       used 34567K, capacity 35272K, committed 35416K, reserved 1079296K
  class space    used 4717K, capacity 5002K, committed 5120K, reserved 1048576K
Event: 45.069 GC heap after
Heap after GC invocations=11 (full 1):
 PSYoungGen      total 68096K, used 7833K [0x00000000e0000000, 0x00000000e5580000, 0x0000000100000000)
  eden space 57344K, 0% used [0x00000000e0000000,0x00000000e0000000,0x00000000e3800000)
  from space 10752K, 72% used [0x00000000e4280000,0x00000000e4a26778,0x00000000e4d00000)
  to   space 10752K, 0% used [0x00000000e3800000,0x00000000e3800000,0x00000000e4280000)
 ParOldGen       total 57856K, used 11689K [0x00000000a0000000, 0x00000000a3880000, 0x00000000e0000000)
  object space 57856K, 20% used [0x00000000a0000000,0x00000000a0b6a748,0x00000000a3880000)
 Metaspace       used 34567K, capacity 35272K, committed 35416K, reserved 1079296K
  class space    used 4717K, capacity 5002K, committed 5120K, reserved 1048576K
}
Event: 45.069 GC heap before
{Heap before GC invocations=12 (full 2):
 PSYoungGen      total 68096K, used 7833K [0x00000000e0000000, 0x00000000e5580000, 0x0000000100000000)
  eden space 57344K, 0% used [0x00000000e0000000,0x00000000e0000000,0x00000000e3800000)
  from space 10752K, 72% used [0x00000000e4280000,0x00000000e4a26778,0x00000000e4d00000)
  to   space 10752K, 0% used [0x00000000e3800000,0x00000000e3800000,0x00000000e4280000)
 ParOldGen       total 57856K, used 11689K [0x00000000a0000000, 0x00000000a3880000, 0x00000000e0000000)
  object space 57856K, 20% used [0x00000000a0000000,0x00000000a0b6a748,0x00000000a3880000)
 Metaspace       used 34567K, capacity 35272K, committed 35416K, reserved 1079296K
  class space    used 4717K, capacity 5002K, committed 5120K, reserved 1048576K
Event: 45.261 GC heap after
Heap after GC invocations=12 (full 2):
 PSYoungGen      total 68096K, used 0K [0x00000000e0000000, 0x00000000e5580000, 0x0000000100000000)
  eden space 57344K, 0% used [0x00000000e0000000,0x00000000e0000000,0x00000000e3800000)
  from space 10752K, 0% used [0x00000000e4280000,0x00000000e4280000,0x00000000e4d00000)
  to   space 10752K, 0% used [0x00000000e3800000,0x00000000e3800000,0x00000000e4280000)
 ParOldGen       total 96256K, used 16406K [0x00000000a0000000, 0x00000000a5e00000, 0x00000000e0000000)
  object space 96256K, 17% used [0x00000000a0000000,0x00000000a10059f0,0x00000000a5e00000)
 Metaspace       used 34567K, capacity 35272K, committed 35416K, reserved 1079296K
  class space    used 4717K, capacity 5002K, committed 5120K, reserved 1048576K
}
Event: 48.163 GC heap before
{Heap before GC invocations=13 (full 2):
 PSYoungGen      total 68096K, used 57344K [0x00000000e0000000, 0x00000000e5580000, 0x0000000100000000)
  eden space 57344K, 100% used [0x00000000e0000000,0x00000000e3800000,0x00000000e3800000)
  from space 10752K, 0% used [0x00000000e4280000,0x00000000e4280000,0x00000000e4d00000)
  to   space 10752K, 0% used [0x00000000e3800000,0x00000000e3800000,0x00000000e4280000)
 ParOldGen       total 96256K, used 16406K [0x00000000a0000000, 0x00000000a5e00000, 0x00000000e0000000)
  object space 96256K, 17% used [0x00000000a0000000,0x00000000a10059f0,0x00000000a5e00000)
 Metaspace       used 38435K, capacity 39260K, committed 39680K, reserved 1083392K
  class space    used 5187K, capacity 5523K, committed 5632K, reserved 1048576K
Event: 48.179 GC heap after
Heap after GC invocations=13 (full 2):
 PSYoungGen      total 68096K, used 4622K [0x00000000e0000000, 0x00000000e5980000, 0x0000000100000000)
  eden space 57344K, 0% used [0x00000000e0000000,0x00000000e0000000,0x00000000e3800000)
  from space 10752K, 42% used [0x00000000e3800000,0x00000000e3c83808,0x00000000e4280000)
  to   space 10752K, 0% used [0x00000000e4f00000,0x00000000e4f00000,0x00000000e5980000)
 ParOldGen       total 96256K, used 16414K [0x00000000a0000000, 0x00000000a5e00000, 0x00000000e0000000)
  object space 96256K, 17% used [0x00000000a0000000,0x00000000a10079f0,0x00000000a5e00000)
 Metaspace       used 38435K, capacity 39260K, committed 39680K, reserved 1083392K
  class space    used 5187K, capacity 5523K, committed 5632K, reserved 1048576K
}
Event: 50.980 GC heap before
{Heap before GC invocations=14 (full 2):
 PSYoungGen      total 68096K, used 61966K [0x00000000e0000000, 0x00000000e5980000, 0x0000000100000000)
  eden space 57344K, 100% used [0x00000000e0000000,0x00000000e3800000,0x00000000e3800000)
  from space 10752K, 42% used [0x00000000e3800000,0x00000000e3c83808,0x00000000e4280000)
  to   space 10752K, 0% used [0x00000000e4f00000,0x00000000e4f00000,0x00000000e5980000)
 ParOldGen       total 96256K, used 16414K [0x00000000a0000000, 0x00000000a5e00000, 0x00000000e0000000)
  object space 96256K, 17% used [0x00000000a0000000,0x00000000a10079f0,0x00000000a5e00000)
 Metaspace       used 41985K, capacity 42936K, committed 43136K, reserved 1087488K
  class space    used 5638K, capacity 5986K, committed 6016K, reserved 1048576K
Event: 51.011 GC heap after
Heap after GC invocations=14 (full 2):
 PSYoungGen      total 79872K, used 10173K [0x00000000e0000000, 0x00000000e5c00000, 0x0000000100000000)
  eden space 69120K, 0% used [0x00000000e0000000,0x00000000e0000000,0x00000000e4380000)
  from space 10752K, 94% used [0x00000000e4f00000,0x00000000e58ef580,0x00000000e5980000)
  to   space 11776K, 0% used [0x00000000e4380000,0x00000000e4380000,0x00000000e4f00000)
 ParOldGen       total 96256K, used 16422K [0x00000000a0000000, 0x00000000a5e00000, 0x00000000e0000000)
  object space 96256K, 17% used [0x00000000a0000000,0x00000000a10099f0,0x00000000a5e00000)
 Metaspace       used 41985K, capacity 42936K, committed 43136K, reserved 1087488K
  class space    used 5638K, capacity 5986K, committed 6016K, reserved 1048576K
}

